<?xml version="1.0" encoding="UTF-8"?>
<coverage generated="1543293854913" clover="3.2.0">
  <project timestamp="1543293854913" name="All files">
    <metrics statements="84" coveredstatements="20" conditionals="22" coveredconditionals="2" methods="21" coveredmethods="2" elements="127" coveredelements="24" complexity="0" loc="84" ncloc="84" packages="1" files="3" classes="3">
      <file name="auth.js" path="/home/travis/build/juanam/WYA/dist/auth.js">
        <metrics statements="24" coveredstatements="6" conditionals="10" coveredconditionals="1" methods="4" coveredmethods="1"/>
        <line num="1" count="1" type="stmt"/>
        <line num="2" count="1" type="stmt"/>
        <line num="3" count="1" type="stmt"/>
        <line num="7" count="0" type="stmt"/>
        <line num="10" count="0" type="stmt"/>
        <line num="18" count="0" type="stmt"/>
        <line num="27" count="0" type="stmt"/>
        <line num="30" count="0" type="stmt"/>
        <line num="31" count="0" type="stmt"/>
        <line num="33" count="0" type="stmt"/>
        <line num="34" count="0" type="cond" truecount="0" falsecount="2"/>
        <line num="35" count="0" type="cond" truecount="0" falsecount="4"/>
        <line num="38" count="0" type="stmt"/>
        <line num="40" count="0" type="cond" truecount="0" falsecount="2"/>
        <line num="42" count="0" type="stmt"/>
        <line num="45" count="0" type="stmt"/>
        <line num="47" count="0" type="stmt"/>
        <line num="50" count="0" type="stmt"/>
        <line num="51" count="0" type="stmt"/>
        <line num="57" count="1" type="cond" truecount="1" falsecount="1"/>
        <line num="58" count="1" type="stmt"/>
        <line num="61" count="0" type="stmt"/>
        <line num="66" count="0" type="stmt"/>
        <line num="70" count="1" type="stmt"/>
      </file>
      <file name="database.js" path="/home/travis/build/juanam/WYA/dist/database.js">
        <metrics statements="35" coveredstatements="6" conditionals="4" coveredconditionals="1" methods="13" coveredmethods="1"/>
        <line num="8" count="1" type="cond" truecount="1" falsecount="1"/>
        <line num="9" count="1" type="stmt"/>
        <line num="12" count="0" type="stmt"/>
        <line num="13" count="0" type="stmt"/>
        <line num="15" count="0" type="stmt"/>
        <line num="17" count="0" type="stmt"/>
        <line num="18" count="0" type="stmt"/>
        <line num="21" count="0" type="stmt"/>
        <line num="22" count="0" type="stmt"/>
        <line num="24" count="0" type="stmt"/>
        <line num="30" count="0" type="stmt"/>
        <line num="31" count="0" type="stmt"/>
        <line num="32" count="0" type="stmt"/>
        <line num="34" count="0" type="stmt"/>
        <line num="35" count="0" type="stmt"/>
        <line num="38" count="0" type="stmt"/>
        <line num="43" count="0" type="stmt"/>
        <line num="44" count="0" type="cond" truecount="0" falsecount="2"/>
        <line num="45" count="0" type="stmt"/>
        <line num="48" count="0" type="stmt"/>
        <line num="49" count="0" type="stmt"/>
        <line num="52" count="0" type="stmt"/>
        <line num="53" count="0" type="stmt"/>
        <line num="60" count="0" type="stmt"/>
        <line num="61" count="0" type="stmt"/>
        <line num="62" count="0" type="stmt"/>
        <line num="64" count="0" type="stmt"/>
        <line num="65" count="0" type="stmt"/>
        <line num="69" count="0" type="stmt"/>
        <line num="70" count="0" type="stmt"/>
        <line num="72" count="0" type="stmt"/>
        <line num="76" count="2" type="stmt"/>
        <line num="77" count="2" type="stmt"/>
        <line num="78" count="2" type="stmt"/>
        <line num="79" count="2" type="stmt"/>
      </file>
      <file name="event.js" path="/home/travis/build/juanam/WYA/dist/event.js">
        <metrics statements="25" coveredstatements="8" conditionals="8" coveredconditionals="0" methods="4" coveredmethods="0"/>
        <line num="1" count="1" type="stmt"/>
        <line num="2" count="1" type="stmt"/>
        <line num="3" count="1" type="stmt"/>
        <line num="5" count="1" type="stmt"/>
        <line num="6" count="1" type="stmt"/>
        <line num="11" count="0" type="stmt"/>
        <line num="13" count="1" type="stmt"/>
        <line num="16" count="0" type="stmt"/>
        <line num="17" count="0" type="cond" truecount="0" falsecount="4"/>
        <line num="18" count="0" type="stmt"/>
        <line num="20" count="0" type="stmt"/>
        <line num="21" count="0" type="stmt"/>
        <line num="22" count="0" type="stmt"/>
        <line num="24" count="0" type="stmt"/>
        <line num="32" count="0" type="stmt"/>
        <line num="39" count="0" type="stmt"/>
        <line num="40" count="0" type="cond" truecount="0" falsecount="2"/>
        <line num="41" count="0" type="stmt"/>
        <line num="42" count="0" type="stmt"/>
        <line num="43" count="0" type="stmt"/>
        <line num="44" count="0" type="stmt"/>
        <line num="55" count="0" type="cond" truecount="0" falsecount="2"/>
        <line num="56" count="0" type="stmt"/>
        <line num="62" count="1" type="stmt"/>
        <line num="63" count="1" type="stmt"/>
      </file>
    </metrics>
  </project>
</coverage>
