{"/home/travis/build/juanam/WYA/dist/auth.js": {"path":"/home/travis/build/juanam/WYA/dist/auth.js","statementMap":{"0":{"start":{"line":1,"column":26},"end":{"line":1,"column":45}},"1":{"start":{"line":2,"column":17},"end":{"line":2,"column":36}},"2":{"start":{"line":3,"column":11},"end":{"line":3,"column":24}},"3":{"start":{"line":7,"column":14},"end":{"line":7,"column":53}},"4":{"start":{"line":10,"column":16},"end":{"line":15,"column":3}},"5":{"start":{"line":18,"column":19},"end":{"line":25,"column":4}},"6":{"start":{"line":27,"column":24},"end":{"line":27,"column":56}},"7":{"start":{"line":30,"column":2},"end":{"line":30,"column":37}},"8":{"start":{"line":31,"column":2},"end":{"line":31,"column":19}},"9":{"start":{"line":33,"column":2},"end":{"line":53,"column":4}},"10":{"start":{"line":34,"column":18},"end":{"line":34,"column":61}},"11":{"start":{"line":35,"column":22},"end":{"line":35,"column":73}},"12":{"start":{"line":38,"column":16},"end":{"line":38,"column":44}},"13":{"start":{"line":40,"column":4},"end":{"line":52,"column":5}},"14":{"start":{"line":42,"column":6},"end":{"line":42,"column":36}},"15":{"start":{"line":45,"column":23},"end":{"line":45,"column":81}},"16":{"start":{"line":47,"column":6},"end":{"line":49,"column":8}},"17":{"start":{"line":50,"column":6},"end":{"line":50,"column":24}},"18":{"start":{"line":51,"column":6},"end":{"line":51,"column":23}},"19":{"start":{"line":57,"column":2},"end":{"line":59,"column":3}},"20":{"start":{"line":58,"column":4},"end":{"line":58,"column":15}},"21":{"start":{"line":61,"column":12},"end":{"line":65,"column":67}},"22":{"start":{"line":66,"column":2},"end":{"line":66,"column":12}},"23":{"start":{"line":70,"column":0},"end":{"line":70,"column":59}}},"fnMap":{"0":{"name":"facebookLogin","decl":{"start":{"line":5,"column":9},"end":{"line":5,"column":22}},"loc":{"start":{"line":5,"column":36},"end":{"line":54,"column":1}},"line":5},"1":{"name":"(anonymous_1)","decl":{"start":{"line":33,"column":45},"end":{"line":33,"column":46}},"loc":{"start":{"line":33,"column":70},"end":{"line":53,"column":3}},"line":33},"2":{"name":"(anonymous_2)","decl":{"start":{"line":47,"column":76},"end":{"line":47,"column":77}},"loc":{"start":{"line":47,"column":93},"end":{"line":49,"column":7}},"line":47},"3":{"name":"generateFacebookAuthURL","decl":{"start":{"line":56,"column":9},"end":{"line":56,"column":32}},"loc":{"start":{"line":56,"column":43},"end":{"line":67,"column":1}},"line":56}},"branchMap":{"0":{"loc":{"start":{"line":34,"column":18},"end":{"line":34,"column":61}},"type":"binary-expr","locations":[{"start":{"line":34,"column":18},"end":{"line":34,"column":53}},{"start":{"line":34,"column":57},"end":{"line":34,"column":61}}],"line":34},"1":{"loc":{"start":{"line":35,"column":22},"end":{"line":35,"column":73}},"type":"cond-expr","locations":[{"start":{"line":35,"column":56},"end":{"line":35,"column":66}},{"start":{"line":35,"column":69},"end":{"line":35,"column":73}}],"line":35},"2":{"loc":{"start":{"line":35,"column":23},"end":{"line":35,"column":52}},"type":"binary-expr","locations":[{"start":{"line":35,"column":23},"end":{"line":35,"column":30}},{"start":{"line":35,"column":34},"end":{"line":35,"column":52}}],"line":35},"3":{"loc":{"start":{"line":40,"column":4},"end":{"line":52,"column":5}},"type":"if","locations":[{"start":{"line":40,"column":4},"end":{"line":52,"column":5}},{"start":{"line":40,"column":4},"end":{"line":52,"column":5}}],"line":40},"4":{"loc":{"start":{"line":57,"column":2},"end":{"line":59,"column":3}},"type":"if","locations":[{"start":{"line":57,"column":2},"end":{"line":59,"column":3}},{"start":{"line":57,"column":2},"end":{"line":59,"column":3}}],"line":57}},"s":{"0":1,"1":1,"2":1,"3":0,"4":0,"5":0,"6":0,"7":0,"8":0,"9":0,"10":0,"11":0,"12":0,"13":0,"14":0,"15":0,"16":0,"17":0,"18":0,"19":1,"20":1,"21":0,"22":0,"23":1},"f":{"0":0,"1":0,"2":0,"3":1},"b":{"0":[0,0],"1":[0,0],"2":[0,0],"3":[0,0],"4":[1,0]},"_coverageSchema":"332fd63041d2c1bcb487cc26dd0d5f7d97098a6c","hash":"798bc0bb5c9543a3b7d8ae8e705a31e7485bb778"}
,"/home/travis/build/juanam/WYA/dist/database.js": {"path":"/home/travis/build/juanam/WYA/dist/database.js","statementMap":{"0":{"start":{"line":8,"column":2},"end":{"line":10,"column":3}},"1":{"start":{"line":9,"column":4},"end":{"line":9,"column":15}},"2":{"start":{"line":12,"column":19},"end":{"line":12,"column":72}},"3":{"start":{"line":13,"column":2},"end":{"line":13,"column":24}},"4":{"start":{"line":15,"column":2},"end":{"line":23,"column":6}},"5":{"start":{"line":17,"column":6},"end":{"line":17,"column":51}},"6":{"start":{"line":18,"column":6},"end":{"line":18,"column":17}},"7":{"start":{"line":21,"column":6},"end":{"line":21,"column":53}},"8":{"start":{"line":22,"column":6},"end":{"line":22,"column":18}},"9":{"start":{"line":24,"column":2},"end":{"line":24,"column":13}},"10":{"start":{"line":30,"column":18},"end":{"line":30,"column":20}},"11":{"start":{"line":31,"column":2},"end":{"line":37,"column":4}},"12":{"start":{"line":32,"column":4},"end":{"line":36,"column":6}},"13":{"start":{"line":34,"column":6},"end":{"line":34,"column":45}},"14":{"start":{"line":35,"column":6},"end":{"line":35,"column":32}},"15":{"start":{"line":38,"column":2},"end":{"line":38,"column":18}},"16":{"start":{"line":43,"column":2},"end":{"line":54,"column":4}},"17":{"start":{"line":44,"column":4},"end":{"line":50,"column":5}},"18":{"start":{"line":45,"column":6},"end":{"line":45,"column":16}},"19":{"start":{"line":48,"column":6},"end":{"line":48,"column":38}},"20":{"start":{"line":49,"column":6},"end":{"line":49,"column":18}},"21":{"start":{"line":52,"column":4},"end":{"line":52,"column":49}},"22":{"start":{"line":53,"column":4},"end":{"line":53,"column":16}},"23":{"start":{"line":60,"column":18},"end":{"line":60,"column":20}},"24":{"start":{"line":61,"column":2},"end":{"line":71,"column":6}},"25":{"start":{"line":62,"column":4},"end":{"line":66,"column":6}},"26":{"start":{"line":64,"column":6},"end":{"line":64,"column":45}},"27":{"start":{"line":65,"column":6},"end":{"line":65,"column":25}},"28":{"start":{"line":69,"column":6},"end":{"line":69,"column":53}},"29":{"start":{"line":70,"column":6},"end":{"line":70,"column":18}},"30":{"start":{"line":72,"column":2},"end":{"line":72,"column":18}},"31":{"start":{"line":76,"column":0},"end":{"line":76,"column":24}},"32":{"start":{"line":77,"column":0},"end":{"line":77,"column":44}},"33":{"start":{"line":78,"column":0},"end":{"line":78,"column":40}},"34":{"start":{"line":79,"column":0},"end":{"line":79,"column":28}}},"fnMap":{"0":{"name":"add","decl":{"start":{"line":7,"column":9},"end":{"line":7,"column":12}},"loc":{"start":{"line":7,"column":40},"end":{"line":25,"column":1}},"line":7},"1":{"name":"(anonymous_1)","decl":{"start":{"line":16,"column":10},"end":{"line":16,"column":11}},"loc":{"start":{"line":16,"column":28},"end":{"line":19,"column":5}},"line":16},"2":{"name":"(anonymous_2)","decl":{"start":{"line":20,"column":11},"end":{"line":20,"column":12}},"loc":{"start":{"line":20,"column":28},"end":{"line":23,"column":5}},"line":20},"3":{"name":"getCollection","decl":{"start":{"line":29,"column":9},"end":{"line":29,"column":22}},"loc":{"start":{"line":29,"column":40},"end":{"line":39,"column":1}},"line":29},"4":{"name":"(anonymous_4)","decl":{"start":{"line":31,"column":39},"end":{"line":31,"column":40}},"loc":{"start":{"line":31,"column":64},"end":{"line":37,"column":3}},"line":31},"5":{"name":"(anonymous_5)","decl":{"start":{"line":32,"column":26},"end":{"line":32,"column":27}},"loc":{"start":{"line":32,"column":41},"end":{"line":36,"column":5}},"line":32},"6":{"name":"getDocument","decl":{"start":{"line":42,"column":9},"end":{"line":42,"column":20}},"loc":{"start":{"line":42,"column":42},"end":{"line":55,"column":1}},"line":42},"7":{"name":"(anonymous_7)","decl":{"start":{"line":43,"column":47},"end":{"line":43,"column":48}},"loc":{"start":{"line":43,"column":62},"end":{"line":51,"column":3}},"line":43},"8":{"name":"(anonymous_8)","decl":{"start":{"line":51,"column":11},"end":{"line":51,"column":12}},"loc":{"start":{"line":51,"column":28},"end":{"line":54,"column":3}},"line":51},"9":{"name":"query","decl":{"start":{"line":59,"column":9},"end":{"line":59,"column":14}},"loc":{"start":{"line":59,"column":40},"end":{"line":73,"column":1}},"line":59},"10":{"name":"(anonymous_10)","decl":{"start":{"line":61,"column":53},"end":{"line":61,"column":54}},"loc":{"start":{"line":61,"column":78},"end":{"line":67,"column":3}},"line":61},"11":{"name":"(anonymous_11)","decl":{"start":{"line":62,"column":26},"end":{"line":62,"column":27}},"loc":{"start":{"line":62,"column":41},"end":{"line":66,"column":5}},"line":62},"12":{"name":"(anonymous_12)","decl":{"start":{"line":68,"column":11},"end":{"line":68,"column":12}},"loc":{"start":{"line":68,"column":28},"end":{"line":71,"column":5}},"line":68}},"branchMap":{"0":{"loc":{"start":{"line":8,"column":2},"end":{"line":10,"column":3}},"type":"if","locations":[{"start":{"line":8,"column":2},"end":{"line":10,"column":3}},{"start":{"line":8,"column":2},"end":{"line":10,"column":3}}],"line":8},"1":{"loc":{"start":{"line":44,"column":4},"end":{"line":50,"column":5}},"type":"if","locations":[{"start":{"line":44,"column":4},"end":{"line":50,"column":5}},{"start":{"line":44,"column":4},"end":{"line":50,"column":5}}],"line":44}},"s":{"0":1,"1":1,"2":0,"3":0,"4":0,"5":0,"6":0,"7":0,"8":0,"9":0,"10":0,"11":0,"12":0,"13":0,"14":0,"15":0,"16":0,"17":0,"18":0,"19":0,"20":0,"21":0,"22":0,"23":0,"24":0,"25":0,"26":0,"27":0,"28":0,"29":0,"30":0,"31":2,"32":2,"33":2,"34":2},"f":{"0":1,"1":0,"2":0,"3":0,"4":0,"5":0,"6":0,"7":0,"8":0,"9":0,"10":0,"11":0,"12":0},"b":{"0":[1,0],"1":[0,0]},"_coverageSchema":"332fd63041d2c1bcb487cc26dd0d5f7d97098a6c","hash":"d8db345e68292341c46ab4068d8d26bdb9c923e6"}
,"/home/travis/build/juanam/WYA/dist/event.js": {"path":"/home/travis/build/juanam/WYA/dist/event.js","statementMap":{"0":{"start":{"line":1,"column":15},"end":{"line":1,"column":39}},"1":{"start":{"line":2,"column":19},"end":{"line":2,"column":42}},"2":{"start":{"line":3,"column":19},"end":{"line":3,"column":45}},"3":{"start":{"line":5,"column":0},"end":{"line":12,"column":1}},"4":{"start":{"line":6,"column":2},"end":{"line":9,"column":4}},"5":{"start":{"line":11,"column":2},"end":{"line":11,"column":28}},"6":{"start":{"line":13,"column":12},"end":{"line":13,"column":46}},"7":{"start":{"line":16,"column":2},"end":{"line":34,"column":4}},"8":{"start":{"line":17,"column":4},"end":{"line":19,"column":5}},"9":{"start":{"line":18,"column":6},"end":{"line":18,"column":17}},"10":{"start":{"line":20,"column":12},"end":{"line":20,"column":13}},"11":{"start":{"line":21,"column":4},"end":{"line":33,"column":5}},"12":{"start":{"line":22,"column":18},"end":{"line":22,"column":33}},"13":{"start":{"line":24,"column":22},"end":{"line":31,"column":7}},"14":{"start":{"line":32,"column":6},"end":{"line":32,"column":60}},"15":{"start":{"line":39,"column":2},"end":{"line":59,"column":4}},"16":{"start":{"line":40,"column":4},"end":{"line":40,"column":89}},"17":{"start":{"line":40,"column":17},"end":{"line":40,"column":43}},"18":{"start":{"line":40,"column":73},"end":{"line":40,"column":87}},"19":{"start":{"line":41,"column":12},"end":{"line":41,"column":13}},"20":{"start":{"line":42,"column":4},"end":{"line":58,"column":5}},"21":{"start":{"line":43,"column":16},"end":{"line":43,"column":32}},"22":{"start":{"line":44,"column":22},"end":{"line":54,"column":7}},"23":{"start":{"line":55,"column":6},"end":{"line":57,"column":7}},"24":{"start":{"line":56,"column":8},"end":{"line":56,"column":62}},"25":{"start":{"line":62,"column":0},"end":{"line":62,"column":66}},"26":{"start":{"line":63,"column":0},"end":{"line":63,"column":62}}},"fnMap":{"0":{"name":"updateTicketmasterEvents","decl":{"start":{"line":15,"column":9},"end":{"line":15,"column":33}},"loc":{"start":{"line":15,"column":48},"end":{"line":35,"column":1}},"line":15},"1":{"name":"(anonymous_1)","decl":{"start":{"line":16,"column":75},"end":{"line":16,"column":76}},"loc":{"start":{"line":16,"column":93},"end":{"line":34,"column":3}},"line":16},"2":{"name":"updateEventbriteEvents","decl":{"start":{"line":37,"column":9},"end":{"line":37,"column":31}},"loc":{"start":{"line":37,"column":46},"end":{"line":60,"column":1}},"line":37},"3":{"name":"(anonymous_3)","decl":{"start":{"line":39,"column":116},"end":{"line":39,"column":117}},"loc":{"start":{"line":39,"column":139},"end":{"line":59,"column":3}},"line":39}},"branchMap":{"0":{"loc":{"start":{"line":17,"column":4},"end":{"line":19,"column":5}},"type":"if","locations":[{"start":{"line":17,"column":4},"end":{"line":19,"column":5}},{"start":{"line":17,"column":4},"end":{"line":19,"column":5}}],"line":17},"1":{"loc":{"start":{"line":17,"column":8},"end":{"line":17,"column":42}},"type":"binary-expr","locations":[{"start":{"line":17,"column":8},"end":{"line":17,"column":15}},{"start":{"line":17,"column":19},"end":{"line":17,"column":42}}],"line":17},"2":{"loc":{"start":{"line":40,"column":4},"end":{"line":40,"column":89}},"type":"if","locations":[{"start":{"line":40,"column":4},"end":{"line":40,"column":89}},{"start":{"line":40,"column":4},"end":{"line":40,"column":89}}],"line":40},"3":{"loc":{"start":{"line":55,"column":6},"end":{"line":57,"column":7}},"type":"if","locations":[{"start":{"line":55,"column":6},"end":{"line":57,"column":7}},{"start":{"line":55,"column":6},"end":{"line":57,"column":7}}],"line":55}},"s":{"0":1,"1":1,"2":1,"3":1,"4":1,"5":0,"6":1,"7":0,"8":0,"9":0,"10":0,"11":0,"12":0,"13":0,"14":0,"15":0,"16":0,"17":0,"18":0,"19":0,"20":0,"21":0,"22":0,"23":0,"24":0,"25":1,"26":1},"f":{"0":0,"1":0,"2":0,"3":0},"b":{"0":[0,0],"1":[0,0],"2":[0,0],"3":[0,0]},"_coverageSchema":"332fd63041d2c1bcb487cc26dd0d5f7d97098a6c","hash":"3c16a47b78c9b68c11f43b19f29911dd0a0f5566"}
}
