{"/home/travis/build/juanam/WYA/dist/auth.js": {"path":"/home/travis/build/juanam/WYA/dist/auth.js","statementMap":{"0":{"start":{"line":1,"column":26},"end":{"line":1,"column":45}},"1":{"start":{"line":2,"column":17},"end":{"line":2,"column":36}},"2":{"start":{"line":3,"column":11},"end":{"line":3,"column":24}},"3":{"start":{"line":7,"column":14},"end":{"line":7,"column":53}},"4":{"start":{"line":10,"column":16},"end":{"line":15,"column":3}},"5":{"start":{"line":18,"column":19},"end":{"line":25,"column":4}},"6":{"start":{"line":27,"column":24},"end":{"line":27,"column":56}},"7":{"start":{"line":30,"column":2},"end":{"line":30,"column":37}},"8":{"start":{"line":31,"column":2},"end":{"line":31,"column":19}},"9":{"start":{"line":33,"column":2},"end":{"line":51,"column":4}},"10":{"start":{"line":34,"column":18},"end":{"line":34,"column":61}},"11":{"start":{"line":35,"column":22},"end":{"line":35,"column":73}},"12":{"start":{"line":38,"column":16},"end":{"line":38,"column":44}},"13":{"start":{"line":40,"column":4},"end":{"line":50,"column":5}},"14":{"start":{"line":42,"column":6},"end":{"line":42,"column":36}},"15":{"start":{"line":45,"column":23},"end":{"line":45,"column":81}},"16":{"start":{"line":48,"column":6},"end":{"line":48,"column":24}},"17":{"start":{"line":49,"column":6},"end":{"line":49,"column":23}},"18":{"start":{"line":55,"column":2},"end":{"line":57,"column":3}},"19":{"start":{"line":56,"column":4},"end":{"line":56,"column":15}},"20":{"start":{"line":59,"column":12},"end":{"line":63,"column":67}},"21":{"start":{"line":64,"column":2},"end":{"line":64,"column":12}},"22":{"start":{"line":68,"column":0},"end":{"line":68,"column":59}}},"fnMap":{"0":{"name":"facebookLogin","decl":{"start":{"line":5,"column":9},"end":{"line":5,"column":22}},"loc":{"start":{"line":5,"column":36},"end":{"line":52,"column":1}},"line":5},"1":{"name":"(anonymous_1)","decl":{"start":{"line":33,"column":45},"end":{"line":33,"column":46}},"loc":{"start":{"line":33,"column":70},"end":{"line":51,"column":3}},"line":33},"2":{"name":"generateFacebookAuthURL","decl":{"start":{"line":54,"column":9},"end":{"line":54,"column":32}},"loc":{"start":{"line":54,"column":43},"end":{"line":65,"column":1}},"line":54}},"branchMap":{"0":{"loc":{"start":{"line":34,"column":18},"end":{"line":34,"column":61}},"type":"binary-expr","locations":[{"start":{"line":34,"column":18},"end":{"line":34,"column":53}},{"start":{"line":34,"column":57},"end":{"line":34,"column":61}}],"line":34},"1":{"loc":{"start":{"line":35,"column":22},"end":{"line":35,"column":73}},"type":"cond-expr","locations":[{"start":{"line":35,"column":56},"end":{"line":35,"column":66}},{"start":{"line":35,"column":69},"end":{"line":35,"column":73}}],"line":35},"2":{"loc":{"start":{"line":35,"column":23},"end":{"line":35,"column":52}},"type":"binary-expr","locations":[{"start":{"line":35,"column":23},"end":{"line":35,"column":30}},{"start":{"line":35,"column":34},"end":{"line":35,"column":52}}],"line":35},"3":{"loc":{"start":{"line":40,"column":4},"end":{"line":50,"column":5}},"type":"if","locations":[{"start":{"line":40,"column":4},"end":{"line":50,"column":5}},{"start":{"line":40,"column":4},"end":{"line":50,"column":5}}],"line":40},"4":{"loc":{"start":{"line":55,"column":2},"end":{"line":57,"column":3}},"type":"if","locations":[{"start":{"line":55,"column":2},"end":{"line":57,"column":3}},{"start":{"line":55,"column":2},"end":{"line":57,"column":3}}],"line":55}},"s":{"0":1,"1":1,"2":1,"3":0,"4":0,"5":0,"6":0,"7":0,"8":0,"9":0,"10":0,"11":0,"12":0,"13":0,"14":0,"15":0,"16":0,"17":0,"18":1,"19":1,"20":0,"21":0,"22":1},"f":{"0":0,"1":0,"2":1},"b":{"0":[0,0],"1":[0,0],"2":[0,0],"3":[0,0],"4":[1,0]},"_coverageSchema":"332fd63041d2c1bcb487cc26dd0d5f7d97098a6c","hash":"12e36669b64720fd2f6919c85de887190d11b762"}
,"/home/travis/build/juanam/WYA/dist/database.js": {"path":"/home/travis/build/juanam/WYA/dist/database.js","statementMap":{"0":{"start":{"line":8,"column":2},"end":{"line":10,"column":3}},"1":{"start":{"line":9,"column":4},"end":{"line":9,"column":15}},"2":{"start":{"line":12,"column":2},"end":{"line":20,"column":6}},"3":{"start":{"line":14,"column":6},"end":{"line":14,"column":51}},"4":{"start":{"line":15,"column":6},"end":{"line":15,"column":17}},"5":{"start":{"line":18,"column":6},"end":{"line":18,"column":53}},"6":{"start":{"line":19,"column":6},"end":{"line":19,"column":18}},"7":{"start":{"line":21,"column":2},"end":{"line":21,"column":13}},"8":{"start":{"line":27,"column":18},"end":{"line":27,"column":20}},"9":{"start":{"line":28,"column":13},"end":{"line":32,"column":4}},"10":{"start":{"line":29,"column":4},"end":{"line":31,"column":6}},"11":{"start":{"line":30,"column":6},"end":{"line":30,"column":21}},"12":{"start":{"line":33,"column":2},"end":{"line":33,"column":13}},"13":{"start":{"line":43,"column":2},"end":{"line":51,"column":4}},"14":{"start":{"line":44,"column":4},"end":{"line":50,"column":6}},"15":{"start":{"line":45,"column":6},"end":{"line":48,"column":8}},"16":{"start":{"line":47,"column":8},"end":{"line":47,"column":34}},"17":{"start":{"line":49,"column":6},"end":{"line":49,"column":24}},"18":{"start":{"line":56,"column":2},"end":{"line":67,"column":4}},"19":{"start":{"line":57,"column":4},"end":{"line":63,"column":5}},"20":{"start":{"line":58,"column":6},"end":{"line":58,"column":16}},"21":{"start":{"line":61,"column":6},"end":{"line":61,"column":38}},"22":{"start":{"line":62,"column":6},"end":{"line":62,"column":18}},"23":{"start":{"line":65,"column":4},"end":{"line":65,"column":49}},"24":{"start":{"line":66,"column":4},"end":{"line":66,"column":16}},"25":{"start":{"line":73,"column":18},"end":{"line":73,"column":20}},"26":{"start":{"line":74,"column":2},"end":{"line":84,"column":6}},"27":{"start":{"line":75,"column":4},"end":{"line":79,"column":6}},"28":{"start":{"line":77,"column":6},"end":{"line":77,"column":45}},"29":{"start":{"line":78,"column":6},"end":{"line":78,"column":25}},"30":{"start":{"line":82,"column":6},"end":{"line":82,"column":53}},"31":{"start":{"line":83,"column":6},"end":{"line":83,"column":18}},"32":{"start":{"line":85,"column":2},"end":{"line":85,"column":18}},"33":{"start":{"line":89,"column":0},"end":{"line":89,"column":24}},"34":{"start":{"line":90,"column":0},"end":{"line":90,"column":44}},"35":{"start":{"line":91,"column":0},"end":{"line":91,"column":40}},"36":{"start":{"line":92,"column":0},"end":{"line":92,"column":28}}},"fnMap":{"0":{"name":"add","decl":{"start":{"line":7,"column":9},"end":{"line":7,"column":12}},"loc":{"start":{"line":7,"column":40},"end":{"line":22,"column":1}},"line":7},"1":{"name":"(anonymous_1)","decl":{"start":{"line":13,"column":10},"end":{"line":13,"column":11}},"loc":{"start":{"line":13,"column":28},"end":{"line":16,"column":5}},"line":13},"2":{"name":"(anonymous_2)","decl":{"start":{"line":17,"column":11},"end":{"line":17,"column":12}},"loc":{"start":{"line":17,"column":28},"end":{"line":20,"column":5}},"line":17},"3":{"name":"getCollection","decl":{"start":{"line":26,"column":15},"end":{"line":26,"column":28}},"loc":{"start":{"line":26,"column":46},"end":{"line":40,"column":1}},"line":26},"4":{"name":"(anonymous_4)","decl":{"start":{"line":28,"column":67},"end":{"line":28,"column":68}},"loc":{"start":{"line":28,"column":84},"end":{"line":32,"column":3}},"line":28},"5":{"name":"(anonymous_5)","decl":{"start":{"line":29,"column":23},"end":{"line":29,"column":24}},"loc":{"start":{"line":29,"column":34},"end":{"line":31,"column":5}},"line":29},"6":{"name":"loadToDocuments","decl":{"start":{"line":42,"column":15},"end":{"line":42,"column":30}},"loc":{"start":{"line":42,"column":58},"end":{"line":52,"column":1}},"line":42},"7":{"name":"(anonymous_7)","decl":{"start":{"line":43,"column":21},"end":{"line":43,"column":22}},"loc":{"start":{"line":43,"column":42},"end":{"line":51,"column":3}},"line":43},"8":{"name":"(anonymous_8)","decl":{"start":{"line":44,"column":41},"end":{"line":44,"column":42}},"loc":{"start":{"line":44,"column":66},"end":{"line":50,"column":5}},"line":44},"9":{"name":"(anonymous_9)","decl":{"start":{"line":45,"column":28},"end":{"line":45,"column":29}},"loc":{"start":{"line":45,"column":43},"end":{"line":48,"column":7}},"line":45},"10":{"name":"getDocument","decl":{"start":{"line":55,"column":9},"end":{"line":55,"column":20}},"loc":{"start":{"line":55,"column":42},"end":{"line":68,"column":1}},"line":55},"11":{"name":"(anonymous_11)","decl":{"start":{"line":56,"column":47},"end":{"line":56,"column":48}},"loc":{"start":{"line":56,"column":62},"end":{"line":64,"column":3}},"line":56},"12":{"name":"(anonymous_12)","decl":{"start":{"line":64,"column":11},"end":{"line":64,"column":12}},"loc":{"start":{"line":64,"column":28},"end":{"line":67,"column":3}},"line":64},"13":{"name":"query","decl":{"start":{"line":72,"column":9},"end":{"line":72,"column":14}},"loc":{"start":{"line":72,"column":40},"end":{"line":86,"column":1}},"line":72},"14":{"name":"(anonymous_14)","decl":{"start":{"line":74,"column":53},"end":{"line":74,"column":54}},"loc":{"start":{"line":74,"column":78},"end":{"line":80,"column":3}},"line":74},"15":{"name":"(anonymous_15)","decl":{"start":{"line":75,"column":26},"end":{"line":75,"column":27}},"loc":{"start":{"line":75,"column":41},"end":{"line":79,"column":5}},"line":75},"16":{"name":"(anonymous_16)","decl":{"start":{"line":81,"column":11},"end":{"line":81,"column":12}},"loc":{"start":{"line":81,"column":28},"end":{"line":84,"column":5}},"line":81}},"branchMap":{"0":{"loc":{"start":{"line":8,"column":2},"end":{"line":10,"column":3}},"type":"if","locations":[{"start":{"line":8,"column":2},"end":{"line":10,"column":3}},{"start":{"line":8,"column":2},"end":{"line":10,"column":3}}],"line":8},"1":{"loc":{"start":{"line":57,"column":4},"end":{"line":63,"column":5}},"type":"if","locations":[{"start":{"line":57,"column":4},"end":{"line":63,"column":5}},{"start":{"line":57,"column":4},"end":{"line":63,"column":5}}],"line":57}},"s":{"0":1,"1":1,"2":0,"3":0,"4":0,"5":0,"6":0,"7":0,"8":0,"9":0,"10":0,"11":0,"12":0,"13":0,"14":0,"15":0,"16":0,"17":0,"18":0,"19":0,"20":0,"21":0,"22":0,"23":0,"24":0,"25":0,"26":0,"27":0,"28":0,"29":0,"30":0,"31":0,"32":0,"33":2,"34":2,"35":2,"36":2},"f":{"0":1,"1":0,"2":0,"3":0,"4":0,"5":0,"6":0,"7":0,"8":0,"9":0,"10":0,"11":0,"12":0,"13":0,"14":0,"15":0,"16":0},"b":{"0":[1,0],"1":[0,0]},"_coverageSchema":"332fd63041d2c1bcb487cc26dd0d5f7d97098a6c","hash":"d823514746dec236ba68dfc1d2d09f516fab74ca"}
,"/home/travis/build/juanam/WYA/dist/event.js": {"path":"/home/travis/build/juanam/WYA/dist/event.js","statementMap":{"0":{"start":{"line":1,"column":15},"end":{"line":1,"column":39}},"1":{"start":{"line":2,"column":19},"end":{"line":2,"column":42}},"2":{"start":{"line":3,"column":19},"end":{"line":3,"column":45}},"3":{"start":{"line":5,"column":0},"end":{"line":12,"column":1}},"4":{"start":{"line":6,"column":2},"end":{"line":9,"column":4}},"5":{"start":{"line":11,"column":2},"end":{"line":11,"column":28}},"6":{"start":{"line":13,"column":12},"end":{"line":13,"column":46}},"7":{"start":{"line":16,"column":2},"end":{"line":36,"column":4}},"8":{"start":{"line":17,"column":4},"end":{"line":19,"column":5}},"9":{"start":{"line":18,"column":6},"end":{"line":18,"column":17}},"10":{"start":{"line":20,"column":12},"end":{"line":20,"column":13}},"11":{"start":{"line":21,"column":4},"end":{"line":21,"column":36}},"12":{"start":{"line":22,"column":4},"end":{"line":35,"column":5}},"13":{"start":{"line":23,"column":18},"end":{"line":23,"column":33}},"14":{"start":{"line":25,"column":22},"end":{"line":32,"column":7}},"15":{"start":{"line":33,"column":6},"end":{"line":33,"column":60}},"16":{"start":{"line":41,"column":2},"end":{"line":61,"column":4}},"17":{"start":{"line":42,"column":4},"end":{"line":42,"column":89}},"18":{"start":{"line":42,"column":17},"end":{"line":42,"column":43}},"19":{"start":{"line":42,"column":73},"end":{"line":42,"column":87}},"20":{"start":{"line":43,"column":12},"end":{"line":43,"column":13}},"21":{"start":{"line":44,"column":4},"end":{"line":60,"column":5}},"22":{"start":{"line":45,"column":16},"end":{"line":45,"column":32}},"23":{"start":{"line":46,"column":22},"end":{"line":56,"column":7}},"24":{"start":{"line":57,"column":6},"end":{"line":59,"column":7}},"25":{"start":{"line":58,"column":8},"end":{"line":58,"column":62}},"26":{"start":{"line":65,"column":2},"end":{"line":65,"column":45}},"27":{"start":{"line":68,"column":0},"end":{"line":68,"column":66}},"28":{"start":{"line":69,"column":0},"end":{"line":69,"column":62}},"29":{"start":{"line":70,"column":0},"end":{"line":70,"column":42}}},"fnMap":{"0":{"name":"updateTicketmasterEvents","decl":{"start":{"line":15,"column":9},"end":{"line":15,"column":33}},"loc":{"start":{"line":15,"column":48},"end":{"line":37,"column":1}},"line":15},"1":{"name":"(anonymous_1)","decl":{"start":{"line":16,"column":104},"end":{"line":16,"column":105}},"loc":{"start":{"line":16,"column":122},"end":{"line":36,"column":3}},"line":16},"2":{"name":"updateEventbriteEvents","decl":{"start":{"line":39,"column":9},"end":{"line":39,"column":31}},"loc":{"start":{"line":39,"column":46},"end":{"line":62,"column":1}},"line":39},"3":{"name":"(anonymous_3)","decl":{"start":{"line":41,"column":116},"end":{"line":41,"column":117}},"loc":{"start":{"line":41,"column":139},"end":{"line":61,"column":3}},"line":41},"4":{"name":"getAllEvents","decl":{"start":{"line":64,"column":9},"end":{"line":64,"column":21}},"loc":{"start":{"line":64,"column":27},"end":{"line":66,"column":1}},"line":64}},"branchMap":{"0":{"loc":{"start":{"line":17,"column":4},"end":{"line":19,"column":5}},"type":"if","locations":[{"start":{"line":17,"column":4},"end":{"line":19,"column":5}},{"start":{"line":17,"column":4},"end":{"line":19,"column":5}}],"line":17},"1":{"loc":{"start":{"line":17,"column":8},"end":{"line":17,"column":42}},"type":"binary-expr","locations":[{"start":{"line":17,"column":8},"end":{"line":17,"column":15}},{"start":{"line":17,"column":19},"end":{"line":17,"column":42}}],"line":17},"2":{"loc":{"start":{"line":42,"column":4},"end":{"line":42,"column":89}},"type":"if","locations":[{"start":{"line":42,"column":4},"end":{"line":42,"column":89}},{"start":{"line":42,"column":4},"end":{"line":42,"column":89}}],"line":42},"3":{"loc":{"start":{"line":57,"column":6},"end":{"line":59,"column":7}},"type":"if","locations":[{"start":{"line":57,"column":6},"end":{"line":59,"column":7}},{"start":{"line":57,"column":6},"end":{"line":59,"column":7}}],"line":57}},"s":{"0":1,"1":1,"2":1,"3":1,"4":1,"5":0,"6":1,"7":0,"8":0,"9":0,"10":0,"11":0,"12":0,"13":0,"14":0,"15":0,"16":0,"17":0,"18":0,"19":0,"20":0,"21":0,"22":0,"23":0,"24":0,"25":0,"26":0,"27":1,"28":1,"29":1},"f":{"0":0,"1":0,"2":0,"3":0,"4":0},"b":{"0":[0,0],"1":[0,0],"2":[0,0],"3":[0,0]},"_coverageSchema":"332fd63041d2c1bcb487cc26dd0d5f7d97098a6c","hash":"357d74f0237757974d2bd77b2c51dbf8c332c8fa"}
}
