TN:
SF:/home/travis/build/juanam/WYA/dist/auth.js
FN:5,facebookLogin
FN:33,(anonymous_1)
FN:47,(anonymous_2)
FN:56,generateFacebookAuthURL
FNF:4
FNH:1
FNDA:0,facebookLogin
FNDA:0,(anonymous_1)
FNDA:0,(anonymous_2)
FNDA:1,generateFacebookAuthURL
DA:1,1
DA:2,1
DA:3,1
DA:7,0
DA:10,0
DA:18,0
DA:27,0
DA:30,0
DA:31,0
DA:33,0
DA:34,0
DA:35,0
DA:38,0
DA:40,0
DA:42,0
DA:45,0
DA:47,0
DA:50,0
DA:51,0
DA:57,1
DA:58,1
DA:61,0
DA:66,0
DA:70,1
LF:24
LH:6
BRDA:34,0,0,0
BRDA:34,0,1,0
BRDA:35,1,0,0
BRDA:35,1,1,0
BRDA:35,2,0,0
BRDA:35,2,1,0
BRDA:40,3,0,0
BRDA:40,3,1,0
BRDA:57,4,0,1
BRDA:57,4,1,0
BRF:10
BRH:1
end_of_record
TN:
SF:/home/travis/build/juanam/WYA/dist/database.js
FN:7,add
FN:16,(anonymous_1)
FN:20,(anonymous_2)
FN:29,getCollection
FN:31,(anonymous_4)
FN:32,(anonymous_5)
FN:42,getDocument
FN:43,(anonymous_7)
FN:51,(anonymous_8)
FN:59,query
FN:61,(anonymous_10)
FN:62,(anonymous_11)
FN:68,(anonymous_12)
FNF:13
FNH:1
FNDA:1,add
FNDA:0,(anonymous_1)
FNDA:0,(anonymous_2)
FNDA:0,getCollection
FNDA:0,(anonymous_4)
FNDA:0,(anonymous_5)
FNDA:0,getDocument
FNDA:0,(anonymous_7)
FNDA:0,(anonymous_8)
FNDA:0,query
FNDA:0,(anonymous_10)
FNDA:0,(anonymous_11)
FNDA:0,(anonymous_12)
DA:8,1
DA:9,1
DA:12,0
DA:13,0
DA:15,0
DA:17,0
DA:18,0
DA:21,0
DA:22,0
DA:24,0
DA:30,0
DA:31,0
DA:32,0
DA:34,0
DA:35,0
DA:38,0
DA:43,0
DA:44,0
DA:45,0
DA:48,0
DA:49,0
DA:52,0
DA:53,0
DA:60,0
DA:61,0
DA:62,0
DA:64,0
DA:65,0
DA:69,0
DA:70,0
DA:72,0
DA:76,2
DA:77,2
DA:78,2
DA:79,2
LF:35
LH:6
BRDA:8,0,0,1
BRDA:8,0,1,0
BRDA:44,1,0,0
BRDA:44,1,1,0
BRF:4
BRH:1
end_of_record
TN:
SF:/home/travis/build/juanam/WYA/dist/event.js
FN:15,updateTicketmasterEvents
FN:16,(anonymous_1)
FN:37,updateEventbriteEvents
FN:39,(anonymous_3)
FNF:4
FNH:0
FNDA:0,updateTicketmasterEvents
FNDA:0,(anonymous_1)
FNDA:0,updateEventbriteEvents
FNDA:0,(anonymous_3)
DA:1,1
DA:2,1
DA:3,1
DA:5,1
DA:6,1
DA:11,0
DA:13,1
DA:16,0
DA:17,0
DA:18,0
DA:20,0
DA:21,0
DA:22,0
DA:24,0
DA:32,0
DA:39,0
DA:40,0
DA:41,0
DA:42,0
DA:43,0
DA:44,0
DA:55,0
DA:56,0
DA:62,1
DA:63,1
LF:25
LH:8
BRDA:17,0,0,0
BRDA:17,0,1,0
BRDA:17,1,0,0
BRDA:17,1,1,0
BRDA:40,2,0,0
BRDA:40,2,1,0
BRDA:55,3,0,0
BRDA:55,3,1,0
BRF:8
BRH:0
end_of_record
